2024-08-24T02:49:25.277Z - GET /
2024-08-24T02:49:28.079Z - GET /
2024-08-24T02:50:21.818Z - POST /
2024-08-24T02:50:30.920Z - POST /
2024-08-24T09:59:10.533Z - POST /
2024-08-24T10:09:24.070Z - POST /
2024-08-24T10:09:55.512Z - GET /
2024-08-24T10:18:15.314Z - GET /
2024-08-24T10:22:18.163Z - GET /tasks
2024-08-24T10:22:28.488Z - GET /tasks/1
2024-08-24T10:22:35.602Z - GET /tasks/2
2024-08-24T10:22:51.916Z - POST /tasks
2024-08-24T10:23:00.123Z - GET /tasks/1
2024-08-24T11:06:04.894Z - GET /tasks/1
2024-08-24T11:07:08.781Z - POST /tasks
2024-08-24T11:07:18.886Z - GET /tasks/2
2024-08-24T11:47:56.983Z - GET /tasks/2
2024-08-24T11:48:10.729Z - POST /tasks
2024-08-24T11:48:21.440Z - POST /tasks
2024-08-24T11:48:29.715Z - POST /tasks
2024-08-24T11:48:36.976Z - POST /tasks
2024-08-24T11:48:46.075Z - POST /tasks
2024-08-24T12:29:28.518Z - POST /upload
2024-08-24T12:41:13.144Z - POST /upload
2024-08-24T12:42:46.844Z - GET /users/2
2024-08-24T12:42:52.529Z - GET /users
2024-08-24T12:43:01.022Z - GET /users
2024-08-24T12:43:41.621Z - GET /tasks
2024-08-24T12:46:59.014Z - GET /tasks
2024-08-24T12:47:04.105Z - GET /tasks/1
2024-08-24T12:48:11.711Z - POST /tasks
2024-08-24T12:48:18.352Z - POST /tasks/22
2024-08-24T12:48:23.316Z - GET /tasks/22
2024-08-24T12:48:41.250Z - PUT /tasks/22
2024-08-24T12:49:36.858Z - POST /upload
